<?xml version="1.0" encoding="UTF-8"?>
<testsuite xmlns:xsi="http://www.w3.org/2001/XMLSchema-instance" xsi:noNamespaceSchemaLocation="https://maven.apache.org/surefire/maven-surefire-plugin/xsd/surefire-test-report.xsd" name="masarik.paint.CanvasTest" time="0.055" tests="7" errors="0" skipped="0" failures="0">
  <properties>
[...]
</properties>
  <testcase name="createCanvas1x0ShouldFail" classname="masarik.paint.CanvasTest" time="0.007"/>
  <testcase name="createCanvas0x0ShouldFail" classname="masarik.paint.CanvasTest" time="0"/>
  <testcase name="createCanvas1x1" classname="masarik.paint.CanvasTest" time="0.001"/>
  <testcase name="createCanvas2x4" classname="masarik.paint.CanvasTest" time="0.003"/>
  <testcase name="createCanvas3x3" classname="masarik.paint.CanvasTest" time="0.003"/>
  <testcase name="createCanvas4x2" classname="masarik.paint.CanvasTest" time="0.003"/>
  <testcase name="createCanvas0x1ShouldFail" classname="masarik.paint.CanvasTest" time="0"/>
</testsuite>